[ 1366238724.653962]: IMSettings-Daemon[1618]: INFO: Starting imsettings-daemon...
[ 1366238724.654043]: IMSettings-Daemon[1618]: INFO:   [HOME=/home/auser]
[ 1366238724.654069]: IMSettings-Daemon[1618]: INFO:   [XINPUTRCDIR=/etc/X11/xinit/]
[ 1366238724.654091]: IMSettings-Daemon[1618]: INFO:   [XINPUTDIR=/etc/X11/xinit/xinput.d/]

[ 1366238724.654113]: IMSettings-Daemon[1618]: INFO:   [MODULEDIR=/usr/lib64/imsettings]

[ 1366238724.654135]: IMSettings-Daemon[1618]: INFO:   [MODULES=gsettings, xfce]

imsettings information
==========================
XINPUTRC: /etc/X11/xinit/xinput.d//none.conf
	  File: `/etc/X11/xinit/xinput.d//none.conf'
	  Size: 110       	Blocks: 8          IO Block: 4096   regular file
	Device: 803h/2051d	Inode: 408917      Links: 1
	Access: (0644/-rw-r--r--)  Uid: (    0/    root)   Gid: (    0/    root)
	Access: 2013-04-17 12:38:08.592673468 -0700
	Modify: 2012-11-22 01:46:23.000000000 -0800
	Change: 2013-04-01 20:29:42.352758756 -0700
	 Birth: -
Is DBus enabled: yes
Is imsettings enabled: yes
Is GTK+ supported: yes
Is Qt supported: no
DESKTOP: xfce
GUESS_DESKTOP: $GDMSESSION
DISABLE_IMSETTINGS: 
IMSETTINGS_DISABLE_DESKTOP_CHECK: 
DBUS_SESSION_BUS_ADDRESS: unix:abstract=/tmp/dbus-theZ4ZBITT,guid=93a5b508c927c1ba3955185c00000259
GTK_IM_MODULE: 
QT_IM_MODULE: xim
XMODIFIERS: @im=none
IMSETTINGS_MODULE: none
IMSETTINGS_INTEGRATE_DESKTOP: yes

[ 1366238725.865155]: IMSettings-Daemon[1618]: INFO: Attempting to switch IM to none [lang=en_US.UTF-8, update=false]
[ 1366238725.927838]: IMSettings-Daemon[1618]: INFO:   no need to invoke any auxiliary process for none
[ 1366238725.927891]: IMSettings-Daemon[1618]: INFO:   no need to invoke any main process for none
[ 1366238725.928997]: IMSettings-XFCE backend[1618]: INFO: Setting up gtk-im-context-simple:xim as gtk+ immodule
[ 1366238725.929168]: IMSettings-GSettings backend[1618]: INFO: Setting up gtk-im-context-simple:xim as gtk+ immodule
